Flow report for OLED128x32
Wed Oct 16 10:42:13 2019
Quartus II Version 9.1 Build 350 03/24/2010 Service Pack 2 SJ Web Edition


---------------------
; Table of Contents ;
---------------------
  1. Legal Notice
  2. Flow Summary
  3. Flow Settings
  4. Flow Non-Default Global Settings
  5. Flow Elapsed Time
  6. Flow OS Summary
  7. Flow Log



----------------
; Legal Notice ;
----------------
Copyright (C) 1991-2010 Altera Corporation
Your use of Altera Corporation's design tools, logic functions 
and other software and tools, and its AMPP partner logic 
functions, and any output files from any of the foregoing 
(including device programming or simulation files), and any 
associated documentation or information are expressly subject 
to the terms and conditions of the Altera Program License 
Subscription Agreement, Altera MegaCore Function License 
Agreement, or other applicable license agreement, including, 
without limitation, that your use is for the sole purpose of 
programming logic devices manufactured by Altera and sold by 
Altera or its authorized distributors.  Please refer to the 
applicable agreement for further details.



+-----------------------------------------------------------------------------------+
; Flow Summary                                                                      ;
+------------------------------------+----------------------------------------------+
; Flow Status                        ; Successful - Wed Oct 16 10:42:01 2019        ;
; Quartus II Version                 ; 9.1 Build 350 03/24/2010 SP 2 SJ Web Edition ;
; Revision Name                      ; OLED128x32                                   ;
; Top-level Entity Name              ; OLED128x32                                   ;
; Family                             ; Cyclone III                                  ;
; Device                             ; EP3C16Q240C8                                 ;
; Timing Models                      ; Final                                        ;
; Met timing requirements            ; N/A                                          ;
; Total logic elements               ; 2,530 / 15,408 ( 16 % )                      ;
;     Total combinational functions  ; 2,490 / 15,408 ( 16 % )                      ;
;     Dedicated logic registers      ; 589 / 15,408 ( 4 % )                         ;
; Total registers                    ; 589                                          ;
; Total pins                         ; 74 / 161 ( 46 % )                            ;
; Total virtual pins                 ; 0                                            ;
; Total memory bits                  ; 0 / 516,096 ( 0 % )                          ;
; Embedded Multiplier 9-bit elements ; 0 / 112 ( 0 % )                              ;
; Total PLLs                         ; 0 / 4 ( 0 % )                                ;
+------------------------------------+----------------------------------------------+


+-----------------------------------------+
; Flow Settings                           ;
+-------------------+---------------------+
; Option            ; Setting             ;
+-------------------+---------------------+
; Start date & time ; 10/16/2019 10:41:23 ;
; Main task         ; Compilation         ;
; Revision Name     ; OLED128x32          ;
+-------------------+---------------------+


+----------------------------------------------------------------------------------------------------------------------------------------------------------------------------------------------------------+
; Flow Non-Default Global Settings                                                                                                                                                                         ;
+-------------------------------------+-------------------------------------------------------------------------------------------------------------------------+---------------+-------------+------------+
; Assignment Name                     ; Value                                                                                                                   ; Default Value ; Entity Name ; Section Id ;
+-------------------------------------+-------------------------------------------------------------------------------------------------------------------------+---------------+-------------+------------+
; COMPILER_SIGNATURE_ID               ; 741688792777.157119368201156                                                                                            ; --            ; --          ; --         ;
; MAX_CORE_JUNCTION_TEMP              ; 85                                                                                                                      ; --            ; --          ; --         ;
; MIN_CORE_JUNCTION_TEMP              ; 0                                                                                                                       ; --            ; --          ; --         ;
; MISC_FILE                           ; F:/OLED128x32/OLED128x32.dpf                                                                                            ; --            ; --          ; --         ;
; MISC_FILE                           ; F:/new/OLED128x32_2/OLED128x32.dpf                                                                                      ; --            ; --          ; --         ;
; MISC_FILE                           ; D:/fp/OLED128x32_3/OLED128x32.dpf                                                                                       ; --            ; --          ; --         ;
; MISC_FILE                           ; F:/FPGA/OLED128x32_5/OLED128x32.dpf                                                                                     ; --            ; --          ; --         ;
; MISC_FILE                           ; F:/FPGA/OLED128x32_7/OLED128x32.dpf                                                                                     ; --            ; --          ; --         ;
; MISC_FILE                           ; F:/FPGA/OLED128x32_8/OLED128x32.dpf                                                                                     ; --            ; --          ; --         ;
; MISC_FILE                           ; C:/Users/Administrator/Google 雲端硬碟/同步/競賽測驗/104年技藝競賽/工業電子/完整/V0/T1_僑高/OLED128x32_9/OLED128x32.dpf ; --            ; --          ; --         ;
; MISC_FILE                           ; C:/Users/Administrator/Google 雲端硬碟/同步/競賽測驗/03工業電子_FPGA/105/V0/T1_僑高/OLED128x32_9/OLED128x32.dpf         ; --            ; --          ; --         ;
; MISC_FILE                           ; D:/105_fpga/T1/OLED128x32_9/OLED128x32.dpf                                                                              ; --            ; --          ; --         ;
; MISC_FILE                           ; D:/105_fpga/OLED128x64_1/OLED128x32.dpf                                                                                 ; --            ; --          ; --         ;
; MISC_FILE                           ; D:/105_fpga/OLED128x64_2/OLED128x32.dpf                                                                                 ; --            ; --          ; --         ;
; MISC_FILE                           ; D:/105_fpga/OLED128x64_3/OLED128x32.dpf                                                                                 ; --            ; --          ; --         ;
; MISC_FILE                           ; D:/105_fpga/OLED128x64_4/OLED128x32.dpf                                                                                 ; --            ; --          ; --         ;
; MISC_FILE                           ; D:/105_fpga/OLED128x64_6/OLED128x32.dpf                                                                                 ; --            ; --          ; --         ;
; MISC_FILE                           ; D:/BaiduYunDownload/OLED128x64_7/OLED128x32.dpf                                                                         ; --            ; --          ; --         ;
; MISC_FILE                           ; D:/105_fpga/OLED128x64_8/OLED128x32.dpf                                                                                 ; --            ; --          ; --         ;
; MISC_FILE                           ; D:/105_fpga/OLED128x64_10/OLED128x32.dpf                                                                                ; --            ; --          ; --         ;
; MISC_FILE                           ; C:/Users/Administrator/Desktop/OLED_106/OLED128x32.dpf                                                                  ; --            ; --          ; --         ;
; MISC_FILE                           ; D:/work2/01_同步/競賽測驗/03工業電子_FPGA/106/T1/OLED_106/OLED128x32.dpf                                                ; --            ; --          ; --         ;
; MISC_FILE                           ; D:/BaiduYunDownload/py/OLED_106/OLED128x32.dpf                                                                          ; --            ; --          ; --         ;
; MISC_FILE                           ; C:/Users/kao/Desktop/08工業電子/OLED_107A/OLED128x32.dpf                                                                ; --            ; --          ; --         ;
; MISC_FILE                           ; D:/work2/01_同步/競賽測驗/108工科賽公告/數位電子/LCD_108/OLED128x32.dpf                                                 ; --            ; --          ; --         ;
; MISC_FILE                           ; C:/Users/ZeProgrammer/Desktop/橋高LCD_108/OLED128x32.dpf                                                                ; --            ; --          ; --         ;
; MISC_FILE                           ; C:/Users/ZeProgrammer/Desktop/新增資料夾/橋高LCD_108/OLED128x32.dpf                                                     ; --            ; --          ; --         ;
; MISC_FILE                           ; C:/Users/ZeProgrammer/Desktop/橋高LCD_108改/橋高LCD_108/OLED128x32.dpf                                                  ; --            ; --          ; --         ;
; MISC_FILE                           ; D:/108選手日誌/數位電子/新版子/橋高LCD_108改/橋高LCD_108/OLED128x32.dpf                                                 ; --            ; --          ; --         ;
; MISC_FILE                           ; D:/108選手日誌/數位電子/新版子/10-01 official/OLED128x32.dpf                                                            ; --            ; --          ; --         ;
; MISC_FILE                           ; D:/108選手日誌/新版子/10-10 107第一題/OLED128x32.dpf                                                                    ; --            ; --          ; --         ;
; MISC_FILE                           ; D:/108選手日誌/新版子/10-10 107第一題 -2/OLED128x32.dpf                                                                 ; --            ; --          ; --         ;
; MISC_FILE                           ; E:/技藝/10-10 107第一題 -2/OLED128x32.dpf                                                                               ; --            ; --          ; --         ;
; NOMINAL_CORE_SUPPLY_VOLTAGE         ; 1.2V                                                                                                                    ; --            ; --          ; --         ;
; PARTITION_COLOR                     ; 16764057                                                                                                                ; --            ; --          ; Top        ;
; PARTITION_FITTER_PRESERVATION_LEVEL ; PLACEMENT_AND_ROUTING                                                                                                   ; --            ; --          ; Top        ;
; PARTITION_NETLIST_TYPE              ; SOURCE                                                                                                                  ; --            ; --          ; Top        ;
+-------------------------------------+-------------------------------------------------------------------------------------------------------------------------+---------------+-------------+------------+


+-------------------------------------------------------------------------------------------------------------------------------+
; Flow Elapsed Time                                                                                                             ;
+---------------------------+--------------+-------------------------+---------------------+------------------------------------+
; Module Name               ; Elapsed Time ; Average Processors Used ; Peak Virtual Memory ; Total CPU Time (on all processors) ;
+---------------------------+--------------+-------------------------+---------------------+------------------------------------+
; Analysis & Synthesis      ; 00:00:17     ; 1.0                     ; 252 MB              ; 00:00:12                           ;
; Fitter                    ; 00:00:10     ; 1.0                     ; 268 MB              ; 00:00:08                           ;
; TimeQuest Timing Analyzer ; 00:00:14     ; 1.0                     ; 236 MB              ; 00:00:06                           ;
; Assembler                 ; 00:00:03     ; 1.0                     ; 218 MB              ; 00:00:01                           ;
; Total                     ; 00:00:41     ; --                      ; --                  ; 00:00:26                           ;
+---------------------------+--------------+-------------------------+---------------------+------------------------------------+


+--------------------------------------------------------------------------------------------+
; Flow OS Summary                                                                            ;
+---------------------------+------------------+---------------+------------+----------------+
; Module Name               ; Machine Hostname ; OS Name       ; OS Version ; Processor type ;
+---------------------------+------------------+---------------+------------+----------------+
; Analysis & Synthesis      ; ZeProgrammer-PC  ; Windows Vista ; 6.1        ; x86_64         ;
; Fitter                    ; ZeProgrammer-PC  ; Windows Vista ; 6.1        ; x86_64         ;
; Assembler                 ; ZeProgrammer-PC  ; Windows Vista ; 6.1        ; x86_64         ;
; TimeQuest Timing Analyzer ; ZeProgrammer-PC  ; Windows Vista ; 6.1        ; x86_64         ;
+---------------------------+------------------+---------------+------------+----------------+


------------
; Flow Log ;
------------
quartus_map --read_settings_files=on --write_settings_files=off OLED128x32 -c OLED128x32
quartus_fit --read_settings_files=off --write_settings_files=off OLED128x32 -c OLED128x32
quartus_asm --read_settings_files=off --write_settings_files=off OLED128x32 -c OLED128x32
quartus_sta OLED128x32 -c OLED128x32



